FATAL|Mon, 10 Aug 2015 06:08:33 -0500|Lex|Parser|/blog?cat=customer_insights|::1|dev|You have a syntax error in your Lex tags. The offending code: <header class="l-panel l-page-intro">
  <div class="fade">
    <h1 class="t-small-head">{{ title }}</h1>
    <h2 class="h1">{{ page_intro|smartypants|widont }}</h2>
  </div>
</header>
<div class="content">
  <div class="content-body">
    <div class="blog-cat-header nav">
        <ul class="cat-nav nav-list">
            callback_blocks_3fbd87bce1675fe3df86d73a595f6704
        </ul>
    </div>
    	callback_blocks_036bb3f593c0ab0b57bdf97f7ba883e7
        <div class="l-panel blog-pagination">
            if ('customer_insights' == null): 
                callback_blocks_7f738baa8004989bb6ccf10c8f0fd8c6 
        </div>
  </div>
</div> on line 1319.
FATAL|Mon, 10 Aug 2015 06:08:46 -0500|Lex|Parser|/blog?cat=customer_insights|::1|dev|You have a syntax error in your Lex tags. The offending code: <header class="l-panel l-page-intro">
  <div class="fade">
    <h1 class="t-small-head">{{ title }}</h1>
    <h2 class="h1">{{ page_intro|smartypants|widont }}</h2>
  </div>
</header>
<div class="content">
  <div class="content-body">
    <div class="blog-cat-header nav">
        <ul class="cat-nav nav-list">
            callback_blocks_3fbd87bce1675fe3df86d73a595f6704
        </ul>
    </div>
    	callback_blocks_036bb3f593c0ab0b57bdf97f7ba883e7
        <div class="l-panel blog-pagination">
            if (false == null): 
                callback_blocks_7f738baa8004989bb6ccf10c8f0fd8c6 
        </div>
  </div>
</div> on line 1319.
FATAL|Mon, 10 Aug 2015 06:08:59 -0500|Lex|Parser|/blog?cat=customer_insight|::1|dev|You have a syntax error in your Lex tags. The offending code: <header class="l-panel l-page-intro">
  <div class="fade">
    <h1 class="t-small-head">{{ title }}</h1>
    <h2 class="h1">{{ page_intro|smartypants|widont }}</h2>
  </div>
</header>
<div class="content">
  <div class="content-body">
    <div class="blog-cat-header nav">
        <ul class="cat-nav nav-list">
            callback_blocks_3fbd87bce1675fe3df86d73a595f6704
        </ul>
    </div>
    	callback_blocks_036bb3f593c0ab0b57bdf97f7ba883e7
        <div class="l-panel blog-pagination">
            if ({{'customer_insight'):  == customer_insights }}
                callback_blocks_7f738baa8004989bb6ccf10c8f0fd8c6 
        </div>
  </div>
</div> on line 1319.
FATAL|Mon, 10 Aug 2015 06:18:47 -0500|Lex|Parser|/blog|::1|dev|You have a syntax error in your Lex tags. The offending code: <header class="l-panel l-page-intro">
  <div class="fade">
    <h1 class="t-small-head">{{ title }}</h1>
    <h2 class="h1">{{ page_intro|smartypants|widont }}</h2>
  </div>
</header>
<div class="content">
  <div class="content-body">
    <div class="blog-cat-header nav">
        <ul class="cat-nav nav-list">
            callback_blocks_3dc469683993199b36c647a5202a7b03
                <li><a class="nav-link" href="/blog"> All Entries </a></li>
        </ul>
    </div>
      if (null):  callback_blocks_26c7ce2d3497c19044e9e205d839fc7a
        <div class="l-panel blog-pagination">
              if (null):  callback_blocks_60bd00f6d23dd7b52cabbd53ef613df6 
        </div>
  </div>
</div> on line 1319.
FATAL|Mon, 10 Aug 2015 06:19:48 -0500|Lex|Parser|/blog|::1|dev|You have a syntax error in your Lex tags. The offending code: <header class="l-panel l-page-intro">
  <div class="fade">
    <h1 class="t-small-head">{{ title }}</h1>
    <h2 class="h1">{{ page_intro|smartypants|widont }}</h2>
  </div>
</header>
<div class="content">
  <div class="content-body">
    <div class="blog-cat-header nav">
        <ul class="cat-nav nav-list">
            callback_blocks_3dc469683993199b36c647a5202a7b03
                <li><a class="nav-link" href="/blog"> All Entries </a></li>
        </ul>
    </div>

      if (null):  callback_blocks_5e47fa75fbe127970bd3bc70d941172c
        <div class="l-panel blog-pagination">
              if (null):  callback_blocks_60bd00f6d23dd7b52cabbd53ef613df6 
        </div>
  </div>
</div> on line 1319.
FATAL|Mon, 10 Aug 2015 06:19:51 -0500|Lex|Parser|/blog?cat=press_release|::1|dev|You have a syntax error in your Lex tags. The offending code: <header class="l-panel l-page-intro">
  <div class="fade">
    <h1 class="t-small-head">{{ title }}</h1>
    <h2 class="h1">{{ page_intro|smartypants|widont }}</h2>
  </div>
</header>
<div class="content">
  <div class="content-body">
    <div class="blog-cat-header nav">
        <ul class="cat-nav nav-list">
            callback_blocks_3dc469683993199b36c647a5202a7b03
                <li><a class="nav-link" href="/blog"> All Entries </a></li>
        </ul>
    </div>

      if (null):  callback_blocks_5e47fa75fbe127970bd3bc70d941172c
        <div class="l-panel blog-pagination">
              if (null):  callback_blocks_60bd00f6d23dd7b52cabbd53ef613df6 
        </div>
  </div>
</div> on line 1319.
FATAL|Mon, 10 Aug 2015 06:20:16 -0500|Lex|Parser|/blog?cat=customer_insights|::1|dev|You have a syntax error in your Lex tags. The offending code: <header class="l-panel l-page-intro">
  <div class="fade">
    <h1 class="t-small-head">{{ title }}</h1>
    <h2 class="h1">{{ page_intro|smartypants|widont }}</h2>
  </div>
</header>
<div class="content">
  <div class="content-body">
    <div class="blog-cat-header nav">
        <ul class="cat-nav nav-list">
            callback_blocks_3dc469683993199b36c647a5202a7b03
                <li><a class="nav-link" href="/blog"> All Entries </a></li>
        </ul>
    </div>

      if (null):  callback_blocks_5e47fa75fbe127970bd3bc70d941172c
        <div class="l-panel blog-pagination">
              if (null):  callback_blocks_60bd00f6d23dd7b52cabbd53ef613df6 
        </div>
  </div>
</div> on line 1319.
FATAL|Mon, 10 Aug 2015 06:20:19 -0500|Lex|Parser|/blog?cat=guest_blog|::1|dev|You have a syntax error in your Lex tags. The offending code: <header class="l-panel l-page-intro">
  <div class="fade">
    <h1 class="t-small-head">{{ title }}</h1>
    <h2 class="h1">{{ page_intro|smartypants|widont }}</h2>
  </div>
</header>
<div class="content">
  <div class="content-body">
    <div class="blog-cat-header nav">
        <ul class="cat-nav nav-list">
            callback_blocks_3dc469683993199b36c647a5202a7b03
                <li><a class="nav-link" href="/blog"> All Entries </a></li>
        </ul>
    </div>

      if (null):  callback_blocks_5e47fa75fbe127970bd3bc70d941172c
        <div class="l-panel blog-pagination">
              if (null):  callback_blocks_60bd00f6d23dd7b52cabbd53ef613df6 
        </div>
  </div>
</div> on line 1319.
FATAL|Mon, 10 Aug 2015 06:20:24 -0500|Lex|Parser|/blog|::1|dev|You have a syntax error in your Lex tags. The offending code: <header class="l-panel l-page-intro">
  <div class="fade">
    <h1 class="t-small-head">{{ title }}</h1>
    <h2 class="h1">{{ page_intro|smartypants|widont }}</h2>
  </div>
</header>
<div class="content">
  <div class="content-body">
    <div class="blog-cat-header nav">
        <ul class="cat-nav nav-list">
            callback_blocks_3dc469683993199b36c647a5202a7b03
                <li><a class="nav-link" href="/blog"> All Entries </a></li>
        </ul>
    </div>

      if (null):  callback_blocks_5e47fa75fbe127970bd3bc70d941172c
        <div class="l-panel blog-pagination">
              if (null):  callback_blocks_60bd00f6d23dd7b52cabbd53ef613df6 
        </div>
  </div>
</div> on line 1319.
FATAL|Mon, 10 Aug 2015 06:20:27 -0500|Lex|Parser|/blog|::1|dev|You have a syntax error in your Lex tags. The offending code: <header class="l-panel l-page-intro">
  <div class="fade">
    <h1 class="t-small-head">{{ title }}</h1>
    <h2 class="h1">{{ page_intro|smartypants|widont }}</h2>
  </div>
</header>
<div class="content">
  <div class="content-body">
    <div class="blog-cat-header nav">
        <ul class="cat-nav nav-list">
            callback_blocks_3dc469683993199b36c647a5202a7b03
                <li><a class="nav-link" href="/blog"> All Entries </a></li>
        </ul>
    </div>

      if (null):  callback_blocks_5e47fa75fbe127970bd3bc70d941172c
        <div class="l-panel blog-pagination">
              if (null):  callback_blocks_60bd00f6d23dd7b52cabbd53ef613df6 
        </div>
  </div>
</div> on line 1319.
FATAL|Mon, 10 Aug 2015 06:20:30 -0500|Lex|Parser|/blog|::1|dev|You have a syntax error in your Lex tags. The offending code: <header class="l-panel l-page-intro">
  <div class="fade">
    <h1 class="t-small-head">{{ title }}</h1>
    <h2 class="h1">{{ page_intro|smartypants|widont }}</h2>
  </div>
</header>
<div class="content">
  <div class="content-body">
    <div class="blog-cat-header nav">
        <ul class="cat-nav nav-list">
            callback_blocks_3dc469683993199b36c647a5202a7b03
                <li><a class="nav-link" href="/blog"> All Entries </a></li>
        </ul>
    </div>

      if (null):  callback_blocks_5e47fa75fbe127970bd3bc70d941172c
        <div class="l-panel blog-pagination">
              if (null):  callback_blocks_60bd00f6d23dd7b52cabbd53ef613df6 
        </div>
  </div>
</div> on line 1319.
FATAL|Mon, 10 Aug 2015 06:20:34 -0500|Lex|Parser|/blog?cat=customer_insights|::1|dev|You have a syntax error in your Lex tags. The offending code: <header class="l-panel l-page-intro">
  <div class="fade">
    <h1 class="t-small-head">{{ title }}</h1>
    <h2 class="h1">{{ page_intro|smartypants|widont }}</h2>
  </div>
</header>
<div class="content">
  <div class="content-body">
    <div class="blog-cat-header nav">
        <ul class="cat-nav nav-list">
            callback_blocks_3dc469683993199b36c647a5202a7b03
                <li><a class="nav-link" href="/blog"> All Entries </a></li>
        </ul>
    </div>

      if (null):  callback_blocks_5e47fa75fbe127970bd3bc70d941172c
        <div class="l-panel blog-pagination">
              if (null):  callback_blocks_60bd00f6d23dd7b52cabbd53ef613df6 
        </div>
  </div>
</div> on line 1319.
FATAL|Mon, 10 Aug 2015 06:20:42 -0500|Lex|Parser|/blog?cat=industry_insights|::1|dev|You have a syntax error in your Lex tags. The offending code: <header class="l-panel l-page-intro">
  <div class="fade">
    <h1 class="t-small-head">{{ title }}</h1>
    <h2 class="h1">{{ page_intro|smartypants|widont }}</h2>
  </div>
</header>
<div class="content">
  <div class="content-body">
    <div class="blog-cat-header nav">
        <ul class="cat-nav nav-list">
            callback_blocks_3dc469683993199b36c647a5202a7b03
                <li><a class="nav-link" href="/blog"> All Entries </a></li>
        </ul>
    </div>

      if (null):  callback_blocks_5e47fa75fbe127970bd3bc70d941172c
        <div class="l-panel blog-pagination">
              if (null):  callback_blocks_60bd00f6d23dd7b52cabbd53ef613df6 
        </div>
  </div>
</div> on line 1319.
FATAL|Mon, 10 Aug 2015 06:22:41 -0500|Lex|Parser|/blog|::1|dev|You have a syntax error in your Lex tags. The offending code: <header class="l-panel l-page-intro">
  <div class="fade">
    <h1 class="t-small-head">{{ title }}</h1>
    <h2 class="h1">{{ page_intro|smartypants|widont }}</h2>
  </div>
</header>
<div class="content">
  <div class="content-body">
    <div class="blog-cat-header nav">
        <ul class="cat-nav nav-list">
            callback_blocks_3dc469683993199b36c647a5202a7b03
                <li><a class="nav-link" href="/blog"> All Entries </a></li>
        </ul>
    </div>
        if (false == null):  callback_blocks_f5da7926d4714b5e4d27f51cad574d34
        <div class="l-panel blog-pagination">

        if (false == null):  callback_blocks_14f96155bcd3fa9653eeaacfeb85b331 
        </div>
  </div>
</div> on line 1319.
FATAL|Mon, 10 Aug 2015 06:22:46 -0500|Lex|Parser|/blog|::1|dev|You have a syntax error in your Lex tags. The offending code: <header class="l-panel l-page-intro">
  <div class="fade">
    <h1 class="t-small-head">{{ title }}</h1>
    <h2 class="h1">{{ page_intro|smartypants|widont }}</h2>
  </div>
</header>
<div class="content">
  <div class="content-body">
    <div class="blog-cat-header nav">
        <ul class="cat-nav nav-list">
            callback_blocks_3dc469683993199b36c647a5202a7b03
                <li><a class="nav-link" href="/blog"> All Entries </a></li>
        </ul>
    </div>
        if (false == null):  callback_blocks_f5da7926d4714b5e4d27f51cad574d34
        <div class="l-panel blog-pagination">

        if (false == null):  callback_blocks_14f96155bcd3fa9653eeaacfeb85b331 
        </div>
  </div>
</div> on line 1319.
FATAL|Mon, 10 Aug 2015 06:24:14 -0500|Lex|Parser|/blog|::1|dev|You have a syntax error in your Lex tags. The offending code: <header class="l-panel l-page-intro">
  <div class="fade">
    <h1 class="t-small-head">{{ title }}</h1>
    <h2 class="h1">{{ page_intro|smartypants|widont }}</h2>
  </div>
</header>
<div class="content">
  <div class="content-body">
    <div class="blog-cat-header nav">
        <ul class="cat-nav nav-list">
            callback_blocks_3dc469683993199b36c647a5202a7b03
                <li><a class="nav-link" href="/blog"> All Entries </a></li>
        </ul>
    </div>
        if (false):  callback_blocks_f5da7926d4714b5e4d27f51cad574d34
        <div class="l-panel blog-pagination">

        if (false):  callback_blocks_14f96155bcd3fa9653eeaacfeb85b331 
        </div>
  </div>
</div> on line 1319.
FATAL|Mon, 10 Aug 2015 06:24:16 -0500|Lex|Parser|/blog|::1|dev|You have a syntax error in your Lex tags. The offending code: <header class="l-panel l-page-intro">
  <div class="fade">
    <h1 class="t-small-head">{{ title }}</h1>
    <h2 class="h1">{{ page_intro|smartypants|widont }}</h2>
  </div>
</header>
<div class="content">
  <div class="content-body">
    <div class="blog-cat-header nav">
        <ul class="cat-nav nav-list">
            callback_blocks_3dc469683993199b36c647a5202a7b03
                <li><a class="nav-link" href="/blog"> All Entries </a></li>
        </ul>
    </div>
        if (false):  callback_blocks_f5da7926d4714b5e4d27f51cad574d34
        <div class="l-panel blog-pagination">

        if (false):  callback_blocks_14f96155bcd3fa9653eeaacfeb85b331 
        </div>
  </div>
</div> on line 1319.
FATAL|Mon, 10 Aug 2015 06:26:58 -0500|Lex|Parser|/blog|::1|dev|You have a syntax error in your Lex tags. The offending code: <header class="l-panel l-page-intro">
  <div class="fade">
    <h1 class="t-small-head">{{ title }}</h1>
    <h2 class="h1">{{ page_intro|smartypants|widont }}</h2>
  </div>
</header>
<div class="content">
  <div class="content-body">
    <div class="blog-cat-header nav">
        <ul class="cat-nav nav-list">
            callback_blocks_3dc469683993199b36c647a5202a7b03
                <li><a class="nav-link" href="/blog"> All Entries </a></li>
        </ul>
    </div>
        if (false): 
            callback_blocks_71bd372d81e6ad895936f29e53a6e02d
        <div class="l-panel blog-pagination">

        if (false): 
            callback_blocks_48dfe740a22dcaa68ab3898ed8098b33 
        </div>
  </div>
</div> on line 1319.
FATAL|Mon, 10 Aug 2015 06:44:07 -0500|Lex|Parser|/blog?cat=customer_insights|::1|dev|You have a syntax error in your Lex tags. The offending code: <header class="l-panel l-page-intro">
  <div class="fade">
    <h1 class="t-small-head">{{ title }}</h1>
    <h2 class="h1">{{ page_intro|smartypants|widont }}</h2>
  </div>
</header>
<div class="content">
  <div class="content-body">
    <div class="blog-cat-header nav">
        <ul class="cat-nav nav-list">
            callback_blocks_3dc469683993199b36c647a5202a7b03
                <li><a class="nav-link" href="/blog"> All Entries </a></li>
        </ul>
    </div>
        if (null null): 
          <p> CAT GOT!! </p>
        else: 
          <p> no cat!! </p>
        endif; 


            callback_blocks_4a07a036d9312f3ad8d487f5631047bf
        <div class="l-panel blog-pagination">


            callback_blocks_41217c39b0719ba89ceb1df342235c42 
        </div>
  </div>
</div> on line 1319.
FATAL|Mon, 10 Aug 2015 06:52:46 -0500|Lex|Parser|/blog|::1|dev|You have a syntax error in your Lex tags. The offending code: <header class="l-panel l-page-intro">
  <div class="fade">
    <h1 class="t-small-head">{{ title }}</h1>
    <h2 class="h1">{{ page_intro|smartypants|widont }}</h2>
  </div>
</header>
<div class="content">
  <div class="content-body">
    <div class="blog-cat-header nav">
        <ul class="cat-nav nav-list">
            callback_blocks_3dc469683993199b36c647a5202a7b03
                <li><a class="nav-link" href="/blog"> All Entries </a></li>
        </ul>
    </div>
        if (null null): 
          <p> CAT GOT!! </p>
        else: 
          <p> no cat!! </p>
        endif; 

            callback_blocks_c2b184c2f7d1eb6325b059d29f40cf92
        <div class="l-panel blog-pagination">


            callback_blocks_1e5b28e67d8426f282893f454f025f04 
        </div>
  </div>
</div> on line 1319.
FATAL|Mon, 10 Aug 2015 06:54:56 -0500|Lex|Parser|/blog|::1|dev|You have a syntax error in your Lex tags. The offending code: <header class="l-panel l-page-intro">
  <div class="fade">
    <h1 class="t-small-head">{{ title }}</h1>
    <h2 class="h1">{{ page_intro|smartypants|widont }}</h2>
  </div>
</header>
<div class="content">
  <div class="content-body">
    <div class="blog-cat-header nav">
        <ul class="cat-nav nav-list">
            callback_blocks_3dc469683993199b36c647a5202a7b03
                <li><a class="nav-link" href="/blog"> All Entries </a></li>
        </ul>
    </div>
        if (null null): 
          <p> CAT GOT!! </p>
        else: 
          <p> no cat!! </p>
        endif; 

            callback_blocks_c2b184c2f7d1eb6325b059d29f40cf92
        <div class="l-panel blog-pagination">


            callback_blocks_1e5b28e67d8426f282893f454f025f04 
        </div>
  </div>
</div> on line 1319.
FATAL|Mon, 10 Aug 2015 10:51:48 -0500|Lex|Parser|/blog?cat=customer_insights|::1|dev|You have a syntax error in your Lex tags. The offending code: <header class="l-panel l-page-intro">
  <div class="fade">
    <h1 class="t-small-head">{{ title }}</h1>
    <h2 class="h1">{{ page_intro|smartypants|widont }}</h2>
  </div>
</header>
<div class="content">
  <div class="content-body">
    <div class="blog-cat-header nav">
        <ul class="cat-nav nav-list">
            callback_blocks_3dc469683993199b36c647a5202a7b03
        </ul>
    </div>

            

            if ('customer_insights'): 
              callback_blocks_0178f39f936f394fb4f5af15bec0f5dd
        <div class="l-panel blog-pagination">

            if ('customer_insights'): 
              callback_blocks_a33db3e785dd7d6ae336d6eb0a320f06 
        </div>
  </div>
</div> on line 1319.
FATAL|Mon, 10 Aug 2015 11:27:54 -0500|Lex|Parser|/blog?cat=customer_insights|::1|dev|You have a syntax error in your Lex tags. The offending code: <header class="l-panel l-page-intro">
  <div class="fade">
    <h1 class="t-small-head">{{ title }}</h1>
    <h2 class="h1">{{ page_intro|smartypants|widont }}</h2>
  </div>
</header>
<div class="content">
  <div class="content-body">
    <div class="blog-cat-header nav">
        <ul class="cat-nav nav-list">
            callback_blocks_3dc469683993199b36c647a5202a7b03
        </ul>
    </div>

            

            if ('customer_insights'): 
              callback_blocks_3fd569ac80417b7e01c7c07bc92a1503
        <div class="l-panel blog-pagination">

            if ('customer_insights'): 
              callback_blocks_a33db3e785dd7d6ae336d6eb0a320f06 
        </div>
  </div>
</div> on line 1319.
FATAL|Mon, 10 Aug 2015 11:30:24 -0500|Lex|Parser|/blog|::1|dev|You have a syntax error in your Lex tags. The offending code: <header class="l-panel l-page-intro">
  <div class="fade">
    <h1 class="t-small-head">{{ title }}</h1>
    <h2 class="h1">{{ page_intro|smartypants|widont }}</h2>
  </div>
</header>
<div class="content">
  <div class="content-body">
    <div class="blog-cat-header nav">
        <ul class="cat-nav nav-list">
            callback_blocks_3dc469683993199b36c647a5202a7b03
        </ul>
    </div>

            

            if (null): 
              callback_blocks_3fd569ac80417b7e01c7c07bc92a1503
        <div class="l-panel blog-pagination">

            if (null): 
              callback_blocks_a33db3e785dd7d6ae336d6eb0a320f06 
        </div>
  </div>
</div> on line 1319.
FATAL|Mon, 10 Aug 2015 11:34:39 -0500|Lex|Parser|/blog|::1|dev|You have a syntax error in your Lex tags. The offending code: <header class="l-panel l-page-intro">
  <div class="fade">
    <h1 class="t-small-head">{{ title }}</h1>
    <h2 class="h1">{{ page_intro|smartypants|widont }}</h2>
  </div>
</header>
<div class="content">
  <div class="content-body">
    <div class="blog-cat-header nav">
        <ul class="cat-nav nav-list">
            callback_blocks_3dc469683993199b36c647a5202a7b03
        </ul>
    </div>

            

            if (null): 
              callback_blocks_3fd569ac80417b7e01c7c07bc92a1503
        <div class="l-panel blog-pagination">

            if (null): 
              callback_blocks_a33db3e785dd7d6ae336d6eb0a320f06 
        </div>
  </div>
</div> on line 1319.
INFO|Mon, 10 Aug 2015 12:09:01 -0500|site|favicon|/blog-entries/favicon.ico|::1|dev|The site favicon could not be found.
INFO|Mon, 10 Aug 2015 13:25:13 -0500|site|favicon|/blog-entries/favicon.ico|127.0.0.1|dev|The site favicon could not be found.
